<?xml version="1.0" encoding="UTF-8"?>
<testsuite xmlns:xsi="http://www.w3.org/2001/XMLSchema-instance" xsi:schemaLocation="https://maven.apache.org/surefire/maven-surefire-plugin/xsd/surefire-test-report.xsd" name="TestSuite" time="47.384" tests="5" errors="0" skipped="0" failures="1">
  <properties>
[...]
</properties>
  <testcase name="landingPageTitleTest" classname="com.zomato.qa.TestCase.LandingPageTest" time="2.021"/>
  <testcase name="searchBoxTest" classname="com.zomato.qa.TestCase.LandingPageTest" time="0.055"/>
  <testcase name="searchTextTestAndVerifySame" classname="com.zomato.qa.TestCase.LandingPageTest" time="8.703"/>
  <testcase name="clickKFCandVerifyPage" classname="com.zomato.qa.TestCase.LandingPageTest" time="7.979"/>
  <testcase name="verifyZomatoLogo" classname="com.zomato.qa.TestCase.LandingPageTest" time="20.07">
    <failure message="no such element: Unable to locate element: {&quot;method&quot;:&quot;xpath&quot;,&quot;selector&quot;:&quot;//div[@class=&apos;sc-jMMfwr jsKxRk logo&apos;]//img[@class=&apos;high-res-image&apos;]&quot;}&#10;  (Session info: chrome=84.0.4147.105)&#10;For documentation on this error, please visit: http://seleniumhq.org/exceptions/no_such_element.html&#10;Build info: version: &apos;3.14.0&apos;, revision: &apos;aacccce0&apos;, time: &apos;2018-08-02T20:19:58.91Z&apos;&#10;System info: host: &apos;ip-192-168-0-41.ap-south-1.compute.internal&apos;, ip: &apos;fd01:0:0:0:18bf:6a2c:b90f:b8d1%en0&apos;, os.name: &apos;Mac OS X&apos;, os.arch: &apos;x86_64&apos;, os.version: &apos;10.15.6&apos;, java.version: &apos;14.0.2&apos;&#10;Driver info: org.openqa.selenium.chrome.ChromeDriver&#10;Capabilities {acceptInsecureCerts: false, browserName: chrome, browserVersion: 84.0.4147.105, chrome: {chromedriverVersion: 84.0.4147.30 (48b3e868b4cc0..., userDataDir: /var/folders/gm/xpk663kn6yl...}, goog:chromeOptions: {debuggerAddress: localhost:65034}, javascriptEnabled: true, networkConnectionEnabled: false, pageLoadStrategy: normal, platform: MAC, platformName: MAC, proxy: Proxy(), setWindowRect: true, strictFileInteractability: false, timeouts: {implicit: 0, pageLoad: 300000, script: 30000}, unhandledPromptBehavior: dismiss and notify, webauthn:virtualAuthenticators: true}&#10;Session ID: 6454f3db2816272cc8f500b4111df650&#10;*** Element info: {Using=xpath, value=//div[@class=&apos;sc-jMMfwr jsKxRk logo&apos;]//img[@class=&apos;high-res-image&apos;]}" type="org.openqa.selenium.NoSuchElementException">org.openqa.selenium.NoSuchElementException: 
no such element: Unable to locate element: {"method":"xpath","selector":"//div[@class='sc-jMMfwr jsKxRk logo']//img[@class='high-res-image']"}
  (Session info: chrome=84.0.4147.105)
For documentation on this error, please visit: http://seleniumhq.org/exceptions/no_such_element.html
Build info: version: '3.14.0', revision: 'aacccce0', time: '2018-08-02T20:19:58.91Z'
System info: host: 'ip-192-168-0-41.ap-south-1.compute.internal', ip: 'fd01:0:0:0:18bf:6a2c:b90f:b8d1%en0', os.name: 'Mac OS X', os.arch: 'x86_64', os.version: '10.15.6', java.version: '14.0.2'
Driver info: org.openqa.selenium.chrome.ChromeDriver
Capabilities {acceptInsecureCerts: false, browserName: chrome, browserVersion: 84.0.4147.105, chrome: {chromedriverVersion: 84.0.4147.30 (48b3e868b4cc0..., userDataDir: /var/folders/gm/xpk663kn6yl...}, goog:chromeOptions: {debuggerAddress: localhost:65034}, javascriptEnabled: true, networkConnectionEnabled: false, pageLoadStrategy: normal, platform: MAC, platformName: MAC, proxy: Proxy(), setWindowRect: true, strictFileInteractability: false, timeouts: {implicit: 0, pageLoad: 300000, script: 30000}, unhandledPromptBehavior: dismiss and notify, webauthn:virtualAuthenticators: true}
Session ID: 6454f3db2816272cc8f500b4111df650
*** Element info: {Using=xpath, value=//div[@class='sc-jMMfwr jsKxRk logo']//img[@class='high-res-image']}
	at com.zomato.qa.TestCase.LandingPageTest.verifyZomatoLogo(LandingPageTest.java:56)
</failure>
  </testcase>
</testsuite>