<?xml version="1.0" encoding="UTF-8"?>
<!-- Generated by org.testng.reporters.JUnitXMLReporter -->
<testsuite ignored="0" hostname="ip-192-168-0-41.ap-south-1.compute.internal" failures="0" tests="4" name="Test Cases" time="7.855" errors="0" timestamp="05 Aug 2020 19:48:50 GMT">
  <testcase classname="com.zomato.qa.TestCase.LandingPageTest" name="@BeforeClass setUp" time="7.831">
    <failure type="org.openqa.selenium.WebDriverException" message="unknown error: cannot determine loading status
from disconnected: received Inspector.detached event
  (Session info: chrome=84.0.4147.105)
Build info: version: &amp;apos;3.14.0&amp;apos;, revision: &amp;apos;aacccce0&amp;apos;, time: &amp;apos;2018-08-02T20:19:58.91Z&amp;apos;
System info: host: &amp;apos;ip-192-168-0-41.ap-south-1.compute.internal&amp;apos;, ip: &amp;apos;fd01:0:0:0:18bf:6a2c:b90f:b8d1%en0&amp;apos;, os.name: &amp;apos;Mac OS X&amp;apos;, os.arch: &amp;apos;x86_64&amp;apos;, os.version: &amp;apos;10.15.6&amp;apos;, java.version: &amp;apos;14.0.2&amp;apos;
Driver info: org.openqa.selenium.chrome.ChromeDriver
Capabilities {acceptInsecureCerts: false, browserName: chrome, browserVersion: 84.0.4147.105, chrome: {chromedriverVersion: 84.0.4147.30 (48b3e868b4cc0..., userDataDir: /var/folders/gm/xpk663kn6yl...}, goog:chromeOptions: {debuggerAddress: localhost:58623}, javascriptEnabled: true, networkConnectionEnabled: false, pageLoadStrategy: normal, platform: MAC, platformName: MAC, proxy: Proxy(), setWindowRect: true, strictFileInteractability: false, timeouts: {implicit: 0, pageLoad: 300000, script: 30000}, unhandledPromptBehavior: dismiss and notify, webauthn:virtualAuthenticators: true}
Session ID: 50a77eaccd5efc27892bb93f4a5753d5">
      <![CDATA[org.openqa.selenium.WebDriverException: unknown error: cannot determine loading status
from disconnected: received Inspector.detached event
  (Session info: chrome=84.0.4147.105)
Build info: version: '3.14.0', revision: 'aacccce0', time: '2018-08-02T20:19:58.91Z'
System info: host: 'ip-192-168-0-41.ap-south-1.compute.internal', ip: 'fd01:0:0:0:18bf:6a2c:b90f:b8d1%en0', os.name: 'Mac OS X', os.arch: 'x86_64', os.version: '10.15.6', java.version: '14.0.2'
Driver info: org.openqa.selenium.chrome.ChromeDriver
Capabilities {acceptInsecureCerts: false, browserName: chrome, browserVersion: 84.0.4147.105, chrome: {chromedriverVersion: 84.0.4147.30 (48b3e868b4cc0..., userDataDir: /var/folders/gm/xpk663kn6yl...}, goog:chromeOptions: {debuggerAddress: localhost:58623}, javascriptEnabled: true, networkConnectionEnabled: false, pageLoadStrategy: normal, platform: MAC, platformName: MAC, proxy: Proxy(), setWindowRect: true, strictFileInteractability: false, timeouts: {implicit: 0, pageLoad: 300000, script: 30000}, unhandledPromptBehavior: dismiss and notify, webauthn:virtualAuthenticators: true}
Session ID: 50a77eaccd5efc27892bb93f4a5753d5
	at org.openqa.selenium.remote.http.W3CHttpResponseCodec.createException(W3CHttpResponseCodec.java:187)
	at org.openqa.selenium.remote.http.W3CHttpResponseCodec.decode(W3CHttpResponseCodec.java:122)
	at org.openqa.selenium.remote.http.W3CHttpResponseCodec.decode(W3CHttpResponseCodec.java:49)
	at org.openqa.selenium.remote.HttpCommandExecutor.execute(HttpCommandExecutor.java:158)
	at org.openqa.selenium.remote.service.DriverCommandExecutor.execute(DriverCommandExecutor.java:83)
	at org.openqa.selenium.remote.RemoteWebDriver.execute(RemoteWebDriver.java:548)
	at org.openqa.selenium.remote.RemoteWebDriver.get(RemoteWebDriver.java:276)
	at com.zomato.qa.base.TestBase.initialization(TestBase.java:54)
	at com.zomato.qa.TestCase.LandingPageTest.setUp(LandingPageTest.java:22)
... Removed 33 stack frames]]>
    </failure>
  </testcase> <!-- @BeforeClass setUp -->
  <testcase classname="com.zomato.qa.TestCase.LandingPageTest" name="@AfterClass tearDown" time="0.0">
    <skipped/>
  </testcase> <!-- @AfterClass tearDown -->
  <testcase classname="com.zomato.qa.TestCase.LandingPageTest" name="landingPageTitleTest" time="0.0">
    <skipped/>
  </testcase> <!-- landingPageTitleTest -->
  <testcase classname="com.zomato.qa.TestCase.LandingPageTest" name="searchBoxTest" time="0.0">
    <skipped/>
  </testcase> <!-- searchBoxTest -->
  <testcase classname="com.zomato.qa.TestCase.LandingPageTest" name="searchTextTestAndVerifySame" time="0.0">
    <skipped/>
  </testcase> <!-- searchTextTestAndVerifySame -->
  <testcase classname="com.zomato.qa.TestCase.LandingPageTest" name="verifyNewPageItem" time="0.0">
    <skipped/>
  </testcase> <!-- verifyNewPageItem -->
</testsuite> <!-- Test Cases -->
